2018-04-04 16:41:37.245  INFO tongruizhedeMBP --- [           main] c.o.w.WordladderApplication              : Starting WordladderApplication on tongruizhedeMBP with PID 15183 (/Users/tongruizhe/wordLadderRESTfulService/target/classes started by tongruizhe in /Users/tongruizhe/wordLadderRESTfulService)
2018-04-04 16:41:37.252  INFO tongruizhedeMBP --- [           main] c.o.w.WordladderApplication              : No active profile set, falling back to default profiles: default
2018-04-04 16:41:37.293  INFO tongruizhedeMBP --- [           main] ConfigServletWebServerApplicationContext : Refreshing org.springframework.boot.web.servlet.context.AnnotationConfigServletWebServerApplicationContext@53812a9b: startup date [Wed Apr 04 16:41:37 CST 2018]; root of context hierarchy
2018-04-04 16:41:38.368  INFO tongruizhedeMBP --- [           main] o.s.b.w.e.t.TomcatWebServer              : Tomcat initialized with port(s): 8080 (http)
2018-04-04 16:41:38.384  INFO tongruizhedeMBP --- [           main] o.a.c.h.Http11NioProtocol                : Initializing ProtocolHandler ["http-nio-8080"]
2018-04-04 16:41:38.393  INFO tongruizhedeMBP --- [           main] o.a.c.c.StandardService                  : Starting service [Tomcat]
2018-04-04 16:41:38.394  INFO tongruizhedeMBP --- [           main] o.a.c.c.StandardEngine                   : Starting Servlet Engine: Apache Tomcat/8.5.28
2018-04-04 16:41:38.398  INFO tongruizhedeMBP --- [ost-startStop-1] o.a.c.c.AprLifecycleListener             : The APR based Apache Tomcat Native library which allows optimal performance in production environments was not found on the java.library.path: [/Users/tongruizhe/Library/Java/Extensions:/Library/Java/Extensions:/Network/Library/Java/Extensions:/System/Library/Java/Extensions:/usr/lib/java:.]
2018-04-04 16:41:38.460  INFO tongruizhedeMBP --- [ost-startStop-1] o.a.c.c.C.[.[.[/]                        : Initializing Spring embedded WebApplicationContext
2018-04-04 16:41:38.461  INFO tongruizhedeMBP --- [ost-startStop-1] o.s.w.c.ContextLoader                    : Root WebApplicationContext: initialization completed in 1174 ms
2018-04-04 16:41:38.934  INFO tongruizhedeMBP --- [ost-startStop-1] o.s.b.w.s.ServletRegistrationBean        : Servlet dispatcherServlet mapped to [/]
2018-04-04 16:41:38.937  INFO tongruizhedeMBP --- [ost-startStop-1] o.s.b.w.s.FilterRegistrationBean         : Mapping filter: 'characterEncodingFilter' to: [/*]
2018-04-04 16:41:38.937  INFO tongruizhedeMBP --- [ost-startStop-1] o.s.b.w.s.FilterRegistrationBean         : Mapping filter: 'hiddenHttpMethodFilter' to: [/*]
2018-04-04 16:41:38.937  INFO tongruizhedeMBP --- [ost-startStop-1] o.s.b.w.s.FilterRegistrationBean         : Mapping filter: 'httpPutFormContentFilter' to: [/*]
2018-04-04 16:41:38.937  INFO tongruizhedeMBP --- [ost-startStop-1] o.s.b.w.s.FilterRegistrationBean         : Mapping filter: 'requestContextFilter' to: [/*]
2018-04-04 16:41:38.937  INFO tongruizhedeMBP --- [ost-startStop-1] o.s.b.w.s.FilterRegistrationBean         : Mapping filter: 'httpTraceFilter' to: [/*]
2018-04-04 16:41:38.938  INFO tongruizhedeMBP --- [ost-startStop-1] o.s.b.w.s.FilterRegistrationBean         : Mapping filter: 'webMvcMetricsFilter' to: [/*]
2018-04-04 16:41:39.149  INFO tongruizhedeMBP --- [           main] s.w.s.m.m.a.RequestMappingHandlerAdapter : Looking for @ControllerAdvice: org.springframework.boot.web.servlet.context.AnnotationConfigServletWebServerApplicationContext@53812a9b: startup date [Wed Apr 04 16:41:37 CST 2018]; root of context hierarchy
2018-04-04 16:41:39.198  INFO tongruizhedeMBP --- [           main] s.w.s.m.m.a.RequestMappingHandlerMapping : Mapped "{[/wl]}" onto public java.util.Vector<java.lang.String> com.owe.wordladder.WordLadderController.greeting(java.lang.String,java.lang.String)
2018-04-04 16:41:39.203  INFO tongruizhedeMBP --- [           main] s.w.s.m.m.a.RequestMappingHandlerMapping : Mapped "{[/error]}" onto public org.springframework.http.ResponseEntity<java.util.Map<java.lang.String, java.lang.Object>> org.springframework.boot.autoconfigure.web.servlet.error.BasicErrorController.error(javax.servlet.http.HttpServletRequest)
2018-04-04 16:41:39.203  INFO tongruizhedeMBP --- [           main] s.w.s.m.m.a.RequestMappingHandlerMapping : Mapped "{[/error],produces=[text/html]}" onto public org.springframework.web.servlet.ModelAndView org.springframework.boot.autoconfigure.web.servlet.error.BasicErrorController.errorHtml(javax.servlet.http.HttpServletRequest,javax.servlet.http.HttpServletResponse)
2018-04-04 16:41:39.236  INFO tongruizhedeMBP --- [           main] o.s.w.s.h.SimpleUrlHandlerMapping        : Mapped URL path [/webjars/**] onto handler of type [class org.springframework.web.servlet.resource.ResourceHttpRequestHandler]
2018-04-04 16:41:39.236  INFO tongruizhedeMBP --- [           main] o.s.w.s.h.SimpleUrlHandlerMapping        : Mapped URL path [/**] onto handler of type [class org.springframework.web.servlet.resource.ResourceHttpRequestHandler]
2018-04-04 16:41:39.270  INFO tongruizhedeMBP --- [           main] o.s.w.s.h.SimpleUrlHandlerMapping        : Mapped URL path [/**/favicon.ico] onto handler of type [class org.springframework.web.servlet.resource.ResourceHttpRequestHandler]
2018-04-04 16:41:39.557  INFO tongruizhedeMBP --- [           main] s.b.a.e.w.s.WebMvcEndpointHandlerMapping : Mapped "{[/actuator/health],methods=[GET],produces=[application/vnd.spring-boot.actuator.v2+json || application/json]}" onto public java.lang.Object org.springframework.boot.actuate.endpoint.web.servlet.AbstractWebMvcEndpointHandlerMapping$OperationHandler.handle(javax.servlet.http.HttpServletRequest,java.util.Map<java.lang.String, java.lang.String>)
2018-04-04 16:41:39.558  INFO tongruizhedeMBP --- [           main] s.b.a.e.w.s.WebMvcEndpointHandlerMapping : Mapped "{[/actuator/info],methods=[GET],produces=[application/vnd.spring-boot.actuator.v2+json || application/json]}" onto public java.lang.Object org.springframework.boot.actuate.endpoint.web.servlet.AbstractWebMvcEndpointHandlerMapping$OperationHandler.handle(javax.servlet.http.HttpServletRequest,java.util.Map<java.lang.String, java.lang.String>)
2018-04-04 16:41:39.560  INFO tongruizhedeMBP --- [           main] s.b.a.e.w.s.WebMvcEndpointHandlerMapping : Mapped "{[/actuator],methods=[GET],produces=[application/vnd.spring-boot.actuator.v2+json || application/json]}" onto protected java.util.Map<java.lang.String, java.util.Map<java.lang.String, org.springframework.boot.actuate.endpoint.web.Link>> org.springframework.boot.actuate.endpoint.web.servlet.WebMvcEndpointHandlerMapping.links(javax.servlet.http.HttpServletRequest,javax.servlet.http.HttpServletResponse)
2018-04-04 16:41:39.678  INFO tongruizhedeMBP --- [           main] o.s.j.e.a.AnnotationMBeanExporter        : Registering beans for JMX exposure on startup
2018-04-04 16:41:39.700  INFO tongruizhedeMBP --- [           main] o.a.c.h.Http11NioProtocol                : Starting ProtocolHandler ["http-nio-8080"]
2018-04-04 16:41:39.716  INFO tongruizhedeMBP --- [           main] o.a.t.u.n.NioSelectorPool                : Using a shared selector for servlet write/read
2018-04-04 16:41:39.727  INFO tongruizhedeMBP --- [           main] o.s.b.w.e.t.TomcatWebServer              : Tomcat started on port(s): 8080 (http) with context path ''
2018-04-04 16:41:39.732  INFO tongruizhedeMBP --- [           main] c.o.w.WordladderApplication              : Started WordladderApplication in 2.768 seconds (JVM running for 3.754)
2018-04-04 16:41:40.395  INFO tongruizhedeMBP --- [on(8)-127.0.0.1] o.a.c.c.C.[.[.[/]                        : Initializing Spring FrameworkServlet 'dispatcherServlet'
2018-04-04 16:41:40.395  INFO tongruizhedeMBP --- [on(8)-127.0.0.1] o.s.w.s.DispatcherServlet                : FrameworkServlet 'dispatcherServlet': initialization started
2018-04-04 16:41:40.406  INFO tongruizhedeMBP --- [on(8)-127.0.0.1] o.s.w.s.DispatcherServlet                : FrameworkServlet 'dispatcherServlet': initialization completed in 10 ms
2018-04-04 16:42:41.132  INFO tongruizhedeMBP --- [nio-8080-exec-2] c.o.w.WordLadderController               : User use my application.
2018-04-04 16:43:56.239  INFO tongruizhedeMBP --- [       Thread-4] ConfigServletWebServerApplicationContext : Closing org.springframework.boot.web.servlet.context.AnnotationConfigServletWebServerApplicationContext@53812a9b: startup date [Wed Apr 04 16:41:37 CST 2018]; root of context hierarchy
2018-04-04 16:43:56.242  INFO tongruizhedeMBP --- [       Thread-4] o.s.j.e.a.AnnotationMBeanExporter        : Unregistering JMX-exposed beans on shutdown
2018-04-04 16:44:02.640  INFO tongruizhedeMBP --- [           main] c.o.w.WordladderApplication              : Starting WordladderApplication on tongruizhedeMBP with PID 15218 (/Users/tongruizhe/wordLadderRESTfulService/target/classes started by tongruizhe in /Users/tongruizhe/wordLadderRESTfulService)
2018-04-04 16:44:02.646  INFO tongruizhedeMBP --- [           main] c.o.w.WordladderApplication              : No active profile set, falling back to default profiles: default
2018-04-04 16:44:02.694  INFO tongruizhedeMBP --- [           main] ConfigServletWebServerApplicationContext : Refreshing org.springframework.boot.web.servlet.context.AnnotationConfigServletWebServerApplicationContext@14b030a0: startup date [Wed Apr 04 16:44:02 CST 2018]; root of context hierarchy
2018-04-04 16:44:03.672  INFO tongruizhedeMBP --- [           main] o.s.b.w.e.t.TomcatWebServer              : Tomcat initialized with port(s): 8080 (http)
2018-04-04 16:44:03.687  INFO tongruizhedeMBP --- [           main] o.a.c.h.Http11NioProtocol                : Initializing ProtocolHandler ["http-nio-8080"]
2018-04-04 16:44:03.695  INFO tongruizhedeMBP --- [           main] o.a.c.c.StandardService                  : Starting service [Tomcat]
2018-04-04 16:44:03.695  INFO tongruizhedeMBP --- [           main] o.a.c.c.StandardEngine                   : Starting Servlet Engine: Apache Tomcat/8.5.28
2018-04-04 16:44:03.699  INFO tongruizhedeMBP --- [ost-startStop-1] o.a.c.c.AprLifecycleListener             : The APR based Apache Tomcat Native library which allows optimal performance in production environments was not found on the java.library.path: [/Users/tongruizhe/Library/Java/Extensions:/Library/Java/Extensions:/Network/Library/Java/Extensions:/System/Library/Java/Extensions:/usr/lib/java:.]
2018-04-04 16:44:03.754  INFO tongruizhedeMBP --- [ost-startStop-1] o.a.c.c.C.[.[.[/]                        : Initializing Spring embedded WebApplicationContext
2018-04-04 16:44:03.754  INFO tongruizhedeMBP --- [ost-startStop-1] o.s.w.c.ContextLoader                    : Root WebApplicationContext: initialization completed in 1067 ms
2018-04-04 16:44:04.188  INFO tongruizhedeMBP --- [ost-startStop-1] o.s.b.w.s.ServletRegistrationBean        : Servlet dispatcherServlet mapped to [/]
2018-04-04 16:44:04.191  INFO tongruizhedeMBP --- [ost-startStop-1] o.s.b.w.s.FilterRegistrationBean         : Mapping filter: 'characterEncodingFilter' to: [/*]
2018-04-04 16:44:04.191  INFO tongruizhedeMBP --- [ost-startStop-1] o.s.b.w.s.FilterRegistrationBean         : Mapping filter: 'hiddenHttpMethodFilter' to: [/*]
2018-04-04 16:44:04.191  INFO tongruizhedeMBP --- [ost-startStop-1] o.s.b.w.s.FilterRegistrationBean         : Mapping filter: 'httpPutFormContentFilter' to: [/*]
2018-04-04 16:44:04.191  INFO tongruizhedeMBP --- [ost-startStop-1] o.s.b.w.s.FilterRegistrationBean         : Mapping filter: 'requestContextFilter' to: [/*]
2018-04-04 16:44:04.191  INFO tongruizhedeMBP --- [ost-startStop-1] o.s.b.w.s.FilterRegistrationBean         : Mapping filter: 'httpTraceFilter' to: [/*]
2018-04-04 16:44:04.191  INFO tongruizhedeMBP --- [ost-startStop-1] o.s.b.w.s.FilterRegistrationBean         : Mapping filter: 'webMvcMetricsFilter' to: [/*]
2018-04-04 16:44:04.369  INFO tongruizhedeMBP --- [           main] s.w.s.m.m.a.RequestMappingHandlerAdapter : Looking for @ControllerAdvice: org.springframework.boot.web.servlet.context.AnnotationConfigServletWebServerApplicationContext@14b030a0: startup date [Wed Apr 04 16:44:02 CST 2018]; root of context hierarchy
2018-04-04 16:44:04.412  INFO tongruizhedeMBP --- [           main] s.w.s.m.m.a.RequestMappingHandlerMapping : Mapped "{[/wl]}" onto public java.util.Vector<java.lang.String> com.owe.wordladder.WordLadderController.greeting(java.lang.String,java.lang.String)
2018-04-04 16:44:04.416  INFO tongruizhedeMBP --- [           main] s.w.s.m.m.a.RequestMappingHandlerMapping : Mapped "{[/error],produces=[text/html]}" onto public org.springframework.web.servlet.ModelAndView org.springframework.boot.autoconfigure.web.servlet.error.BasicErrorController.errorHtml(javax.servlet.http.HttpServletRequest,javax.servlet.http.HttpServletResponse)
2018-04-04 16:44:04.417  INFO tongruizhedeMBP --- [           main] s.w.s.m.m.a.RequestMappingHandlerMapping : Mapped "{[/error]}" onto public org.springframework.http.ResponseEntity<java.util.Map<java.lang.String, java.lang.Object>> org.springframework.boot.autoconfigure.web.servlet.error.BasicErrorController.error(javax.servlet.http.HttpServletRequest)
2018-04-04 16:44:04.445  INFO tongruizhedeMBP --- [           main] o.s.w.s.h.SimpleUrlHandlerMapping        : Mapped URL path [/webjars/**] onto handler of type [class org.springframework.web.servlet.resource.ResourceHttpRequestHandler]
2018-04-04 16:44:04.445  INFO tongruizhedeMBP --- [           main] o.s.w.s.h.SimpleUrlHandlerMapping        : Mapped URL path [/**] onto handler of type [class org.springframework.web.servlet.resource.ResourceHttpRequestHandler]
2018-04-04 16:44:04.482  INFO tongruizhedeMBP --- [           main] o.s.w.s.h.SimpleUrlHandlerMapping        : Mapped URL path [/**/favicon.ico] onto handler of type [class org.springframework.web.servlet.resource.ResourceHttpRequestHandler]
2018-04-04 16:44:04.738  INFO tongruizhedeMBP --- [           main] s.b.a.e.w.s.WebMvcEndpointHandlerMapping : Mapped "{[/actuator/health],methods=[GET],produces=[application/vnd.spring-boot.actuator.v2+json || application/json]}" onto public java.lang.Object org.springframework.boot.actuate.endpoint.web.servlet.AbstractWebMvcEndpointHandlerMapping$OperationHandler.handle(javax.servlet.http.HttpServletRequest,java.util.Map<java.lang.String, java.lang.String>)
2018-04-04 16:44:04.739  INFO tongruizhedeMBP --- [           main] s.b.a.e.w.s.WebMvcEndpointHandlerMapping : Mapped "{[/actuator/info],methods=[GET],produces=[application/vnd.spring-boot.actuator.v2+json || application/json]}" onto public java.lang.Object org.springframework.boot.actuate.endpoint.web.servlet.AbstractWebMvcEndpointHandlerMapping$OperationHandler.handle(javax.servlet.http.HttpServletRequest,java.util.Map<java.lang.String, java.lang.String>)
2018-04-04 16:44:04.740  INFO tongruizhedeMBP --- [           main] s.b.a.e.w.s.WebMvcEndpointHandlerMapping : Mapped "{[/actuator],methods=[GET],produces=[application/vnd.spring-boot.actuator.v2+json || application/json]}" onto protected java.util.Map<java.lang.String, java.util.Map<java.lang.String, org.springframework.boot.actuate.endpoint.web.Link>> org.springframework.boot.actuate.endpoint.web.servlet.WebMvcEndpointHandlerMapping.links(javax.servlet.http.HttpServletRequest,javax.servlet.http.HttpServletResponse)
2018-04-04 16:44:04.838  INFO tongruizhedeMBP --- [           main] o.s.j.e.a.AnnotationMBeanExporter        : Registering beans for JMX exposure on startup
2018-04-04 16:44:04.860  INFO tongruizhedeMBP --- [           main] o.a.c.h.Http11NioProtocol                : Starting ProtocolHandler ["http-nio-8080"]
2018-04-04 16:44:04.873  INFO tongruizhedeMBP --- [           main] o.a.t.u.n.NioSelectorPool                : Using a shared selector for servlet write/read
2018-04-04 16:44:04.884  INFO tongruizhedeMBP --- [           main] o.s.b.w.e.t.TomcatWebServer              : Tomcat started on port(s): 8080 (http) with context path ''
2018-04-04 16:44:04.888  INFO tongruizhedeMBP --- [           main] c.o.w.WordladderApplication              : Started WordladderApplication in 2.613 seconds (JVM running for 3.691)
2018-04-04 16:44:05.512  INFO tongruizhedeMBP --- [on(6)-127.0.0.1] o.a.c.c.C.[.[.[/]                        : Initializing Spring FrameworkServlet 'dispatcherServlet'
2018-04-04 16:44:05.512  INFO tongruizhedeMBP --- [on(6)-127.0.0.1] o.s.w.s.DispatcherServlet                : FrameworkServlet 'dispatcherServlet': initialization started
2018-04-04 16:44:05.521  INFO tongruizhedeMBP --- [on(6)-127.0.0.1] o.s.w.s.DispatcherServlet                : FrameworkServlet 'dispatcherServlet': initialization completed in 9 ms
2018-04-04 16:44:08.852  INFO tongruizhedeMBP --- [nio-8080-exec-1] c.o.w.WordLadderController               : User use my application.
2018-04-04 16:44:08.950  INFO tongruizhedeMBP --- [nio-8080-exec-1] c.o.w.WordLadderController               : The start isnice , the end is fuck
2018-04-04 16:44:26.605  INFO tongruizhedeMBP --- [       Thread-4] ConfigServletWebServerApplicationContext : Closing org.springframework.boot.web.servlet.context.AnnotationConfigServletWebServerApplicationContext@14b030a0: startup date [Wed Apr 04 16:44:02 CST 2018]; root of context hierarchy
2018-04-04 16:44:26.607  INFO tongruizhedeMBP --- [       Thread-4] o.s.j.e.a.AnnotationMBeanExporter        : Unregistering JMX-exposed beans on shutdown
